[09-May-2016 18:13:05 UTC] PHP Warning:  include(../includes/database.php): failed to open stream: No such file or directory in /home/ubuntu/workspace/final_project/api/getLocalAgencies.php on line 2
[09-May-2016 18:13:05 UTC] PHP Stack trace:
[09-May-2016 18:13:05 UTC] PHP   1. {main}() /home/ubuntu/workspace/final_project/api/getLocalAgencies.php:0
[09-May-2016 18:13:05 UTC] PHP Warning:  include(): Failed opening '../includes/database.php' for inclusion (include_path='.:/usr/share/php:/usr/share/pear') in /home/ubuntu/workspace/final_project/api/getLocalAgencies.php on line 2
[09-May-2016 18:13:05 UTC] PHP Stack trace:
[09-May-2016 18:13:05 UTC] PHP   1. {main}() /home/ubuntu/workspace/final_project/api/getLocalAgencies.php:0
[09-May-2016 18:13:05 UTC] PHP Fatal error:  Call to undefined function getDatabaseConnection() in /home/ubuntu/workspace/final_project/api/getLocalAgencies.php on line 3
[09-May-2016 18:13:05 UTC] PHP Stack trace:
[09-May-2016 18:13:05 UTC] PHP   1. {main}() /home/ubuntu/workspace/final_project/api/getLocalAgencies.php:0
[09-May-2016 20:20:17 UTC] PHP Fatal error:  Uncaught exception 'PDOException' with message 'SQLSTATE[HY093]: Invalid parameter number: no parameters were bound' in /home/ubuntu/workspace/final_project/api/getLocalAgencies.php:11
Stack trace:
#0 /home/ubuntu/workspace/final_project/api/getLocalAgencies.php(11): PDOStatement->execute()
#1 {main}
  thrown in /home/ubuntu/workspace/final_project/api/getLocalAgencies.php on line 11
[09-May-2016 20:20:22 UTC] PHP Fatal error:  Uncaught exception 'PDOException' with message 'SQLSTATE[HY093]: Invalid parameter number: no parameters were bound' in /home/ubuntu/workspace/final_project/api/getLocalAgencies.php:11
Stack trace:
#0 /home/ubuntu/workspace/final_project/api/getLocalAgencies.php(11): PDOStatement->execute()
#1 {main}
  thrown in /home/ubuntu/workspace/final_project/api/getLocalAgencies.php on line 11
[09-May-2016 20:24:31 UTC] PHP Fatal error:  Uncaught exception 'PDOException' with message 'SQLSTATE[HY093]: Invalid parameter number: no parameters were bound' in /home/ubuntu/workspace/final_project/api/getLocalAgencies.php:11
Stack trace:
#0 /home/ubuntu/workspace/final_project/api/getLocalAgencies.php(11): PDOStatement->execute()
#1 {main}
  thrown in /home/ubuntu/workspace/final_project/api/getLocalAgencies.php on line 11
[09-May-2016 20:24:35 UTC] PHP Fatal error:  Uncaught exception 'PDOException' with message 'SQLSTATE[HY093]: Invalid parameter number: no parameters were bound' in /home/ubuntu/workspace/final_project/api/getLocalAgencies.php:11
Stack trace:
#0 /home/ubuntu/workspace/final_project/api/getLocalAgencies.php(11): PDOStatement->execute()
#1 {main}
  thrown in /home/ubuntu/workspace/final_project/api/getLocalAgencies.php on line 11
[10-May-2016 02:42:28 UTC] PHP Parse error:  syntax error, unexpected '}' in /home/ubuntu/workspace/final_project/api/updateClaim.php on line 11
[10-May-2016 02:42:46 UTC] PHP Parse error:  syntax error, unexpected '}' in /home/ubuntu/workspace/final_project/api/updateClaim.php on line 11
[10-May-2016 02:43:04 UTC] PHP Parse error:  syntax error, unexpected '}' in /home/ubuntu/workspace/final_project/api/updateClaim.php on line 11
[10-May-2016 02:44:52 UTC] PHP Parse error:  syntax error, unexpected '}' in /home/ubuntu/workspace/final_project/api/updateClaim.php on line 11
[10-May-2016 02:47:51 UTC] PHP Parse error:  syntax error, unexpected '}' in /home/ubuntu/workspace/final_project/api/updateClaim.php on line 11
[10-May-2016 02:50:02 UTC] PHP Parse error:  syntax error, unexpected '}' in /home/ubuntu/workspace/final_project/api/updateClaim.php on line 11
[10-May-2016 02:53:33 UTC] PHP Parse error:  syntax error, unexpected '}' in /home/ubuntu/workspace/final_project/api/updateClaim.php on line 11
[10-May-2016 02:55:49 UTC] PHP Parse error:  syntax error, unexpected '}' in /home/ubuntu/workspace/final_project/api/updateClaim.php on line 11
[10-May-2016 02:56:35 UTC] PHP Warning:  include(database.php): failed to open stream: No such file or directory in /home/ubuntu/workspace/final_project/api/updateClaim.php on line 2
[10-May-2016 02:56:35 UTC] PHP Stack trace:
[10-May-2016 02:56:35 UTC] PHP   1. {main}() /home/ubuntu/workspace/final_project/api/updateClaim.php:0
[10-May-2016 02:56:35 UTC] PHP Warning:  include(): Failed opening 'database.php' for inclusion (include_path='.:/usr/share/php:/usr/share/pear') in /home/ubuntu/workspace/final_project/api/updateClaim.php on line 2
[10-May-2016 02:56:35 UTC] PHP Stack trace:
[10-May-2016 02:56:35 UTC] PHP   1. {main}() /home/ubuntu/workspace/final_project/api/updateClaim.php:0
[10-May-2016 02:56:35 UTC] PHP Fatal error:  Call to a member function prepare() on a non-object in /home/ubuntu/workspace/final_project/api/updateClaim.php on line 8
[10-May-2016 02:56:35 UTC] PHP Stack trace:
[10-May-2016 02:56:35 UTC] PHP   1. {main}() /home/ubuntu/workspace/final_project/api/updateClaim.php:0
[10-May-2016 02:57:03 UTC] PHP Fatal error:  Call to a member function prepare() on a non-object in /home/ubuntu/workspace/final_project/api/updateClaim.php on line 7
[10-May-2016 02:57:03 UTC] PHP Stack trace:
[10-May-2016 02:57:03 UTC] PHP   1. {main}() /home/ubuntu/workspace/final_project/api/updateClaim.php:0
[10-May-2016 02:58:03 UTC] PHP Fatal error:  Call to a member function prepare() on a non-object in /home/ubuntu/workspace/final_project/api/updateClaim.php on line 7
[10-May-2016 02:58:03 UTC] PHP Stack trace:
[10-May-2016 02:58:03 UTC] PHP   1. {main}() /home/ubuntu/workspace/final_project/api/updateClaim.php:0
[10-May-2016 02:59:35 UTC] PHP Fatal error:  Call to a member function prepare() on a non-object in /home/ubuntu/workspace/final_project/api/updateClaim.php on line 7
[10-May-2016 02:59:35 UTC] PHP Stack trace:
[10-May-2016 02:59:35 UTC] PHP   1. {main}() /home/ubuntu/workspace/final_project/api/updateClaim.php:0
[10-May-2016 03:00:37 UTC] PHP Parse error:  syntax error, unexpected 'include' (T_INCLUDE), expecting ',' or ';' in /home/ubuntu/workspace/final_project/api/deleteClaim.php on line 2
[10-May-2016 03:01:07 UTC] PHP Parse error:  syntax error, unexpected 'include' (T_INCLUDE), expecting ',' or ';' in /home/ubuntu/workspace/final_project/api/deleteClaim.php on line 2
[10-May-2016 03:01:34 UTC] PHP Parse error:  syntax error, unexpected 'include' (T_INCLUDE), expecting ',' or ';' in /home/ubuntu/workspace/final_project/api/deleteClaim.php on line 2
[10-May-2016 03:02:21 UTC] PHP Parse error:  syntax error, unexpected 'include' (T_INCLUDE), expecting ',' or ';' in /home/ubuntu/workspace/final_project/api/deleteClaim.php on line 3
[10-May-2016 03:03:07 UTC] PHP Parse error:  syntax error, unexpected 'include' (T_INCLUDE), expecting ',' or ';' in /home/ubuntu/workspace/final_project/api/deleteClaim.php on line 3
[10-May-2016 03:20:55 UTC] PHP Parse error:  syntax error, unexpected 'include' (T_INCLUDE), expecting ',' or ';' in /home/ubuntu/workspace/final_project/api/deleteClaim.php on line 3
[10-May-2016 03:23:14 UTC] PHP Parse error:  syntax error, unexpected 'include' (T_INCLUDE), expecting ',' or ';' in /home/ubuntu/workspace/final_project/api/deleteClaim.php on line 2
[10-May-2016 03:23:36 UTC] PHP Parse error:  syntax error, unexpected 'include' (T_INCLUDE), expecting ',' or ';' in /home/ubuntu/workspace/final_project/api/deleteClaim.php on line 2
[10-May-2016 03:23:48 UTC] PHP Parse error:  syntax error, unexpected 'include' (T_INCLUDE), expecting ',' or ';' in /home/ubuntu/workspace/final_project/api/deleteClaim.php on line 2
[10-May-2016 03:24:06 UTC] PHP Parse error:  syntax error, unexpected 'echo' (T_ECHO), expecting ',' or ';' in /home/ubuntu/workspace/final_project/api/deleteClaim.php on line 10
[10-May-2016 03:24:55 UTC] PHP Parse error:  syntax error, unexpected 'include' (T_INCLUDE), expecting ',' or ';' in /home/ubuntu/workspace/final_project/api/deleteClaim.php on line 2
[10-May-2016 03:25:51 UTC] PHP Parse error:  syntax error, unexpected 'include' (T_INCLUDE), expecting ',' or ';' in /home/ubuntu/workspace/final_project/api/deleteClaim.php on line 3
[10-May-2016 03:31:01 UTC] PHP Parse error:  syntax error, unexpected '*' in /home/ubuntu/workspace/final_project/api/delete.php on line 8
[10-May-2016 06:57:45 UTC] PHP Parse error:  syntax error, unexpected '}' in /home/ubuntu/workspace/final_project/api/insertData.php on line 13
[10-May-2016 06:59:12 UTC] PHP Parse error:  syntax error, unexpected '}' in /home/ubuntu/workspace/final_project/api/insertData.php on line 13
[10-May-2016 07:01:13 UTC] PHP Parse error:  syntax error, unexpected '}' in /home/ubuntu/workspace/final_project/api/insertData.php on line 14
[10-May-2016 07:04:33 UTC] PHP Parse error:  syntax error, unexpected '}' in /home/ubuntu/workspace/final_project/api/insertData.php on line 14
[10-May-2016 07:05:34 UTC] PHP Parse error:  syntax error, unexpected '}' in /home/ubuntu/workspace/final_project/api/insertData.php on line 14
[10-May-2016 07:06:08 UTC] PHP Fatal error:  Uncaught exception 'PDOException' with message 'SQLSTATE[HY093]: Invalid parameter number: no parameters were bound' in /home/ubuntu/workspace/final_project/api/insertData.php:14
Stack trace:
#0 /home/ubuntu/workspace/final_project/api/insertData.php(14): PDOStatement->execute()
#1 {main}
  thrown in /home/ubuntu/workspace/final_project/api/insertData.php on line 14
